<?xml version="1.0" encoding="UTF-8"?>
<testsuite name="edu.coursera.parallel.MatrixMultiplyTest" time="52.755" tests="2" errors="0" skipped="0" failures="2">
  <properties>
    <property name="java.runtime.name" value="OpenJDK Runtime Environment"/>
    <property name="java.vm.version" value="17.0.3+7-Ubuntu-0ubuntu0.21.10.1"/>
    <property name="sun.boot.library.path" value="/usr/lib/jvm/java-17-openjdk-amd64/lib"/>
    <property name="maven.multiModuleProjectDirectory" value="/home/habkaffee/Programming/java_course/miniproject_3"/>
    <property name="java.vm.vendor" value="Private Build"/>
    <property name="java.vendor.url" value="Unknown"/>
    <property name="guice.disable.misplaced.annotation.check" value="true"/>
    <property name="path.separator" value=":"/>
    <property name="java.vm.name" value="OpenJDK 64-Bit Server VM"/>
    <property name="user.country" value="US"/>
    <property name="sun.java.launcher" value="SUN_STANDARD"/>
    <property name="java.vm.specification.name" value="Java Virtual Machine Specification"/>
    <property name="user.dir" value="/home/habkaffee/Programming/java_course/miniproject_3"/>
    <property name="java.vm.compressedOopsMode" value="Zero based"/>
    <property name="java.runtime.version" value="17.0.3+7-Ubuntu-0ubuntu0.21.10.1"/>
    <property name="os.arch" value="amd64"/>
    <property name="java.io.tmpdir" value="/tmp"/>
    <property name="line.separator" value="&#10;"/>
    <property name="java.vm.specification.vendor" value="Oracle Corporation"/>
    <property name="os.name" value="Linux"/>
    <property name="classworlds.conf" value="/usr/share/maven/bin/m2.conf"/>
    <property name="sun.jnu.encoding" value="UTF-8"/>
    <property name="java.library.path" value="/usr/java/packages/lib:/usr/lib/x86_64-linux-gnu/jni:/lib/x86_64-linux-gnu:/usr/lib/x86_64-linux-gnu:/usr/lib/jni:/lib:/usr/lib"/>
    <property name="maven.conf" value="/usr/share/maven/conf"/>
    <property name="jdk.debug" value="release"/>
    <property name="java.class.version" value="61.0"/>
    <property name="java.specification.name" value="Java Platform API Specification"/>
    <property name="sun.management.compiler" value="HotSpot 64-Bit Tiered Compilers"/>
    <property name="os.version" value="5.13.0-40-generic"/>
    <property name="library.jansi.path" value="/usr/share/maven/lib/jansi-native"/>
    <property name="user.home" value="/home/habkaffee"/>
    <property name="user.timezone" value="Europe/Moscow"/>
    <property name="file.encoding" value="UTF-8"/>
    <property name="java.specification.version" value="17"/>
    <property name="user.name" value="habkaffee"/>
    <property name="java.class.path" value="/usr/share/maven/boot/plexus-classworlds-2.x.jar"/>
    <property name="java.vm.specification.version" value="17"/>
    <property name="sun.arch.data.model" value="64"/>
    <property name="sun.java.command" value="org.codehaus.plexus.classworlds.launcher.Launcher test"/>
    <property name="java.home" value="/usr/lib/jvm/java-17-openjdk-amd64"/>
    <property name="user.language" value="en"/>
    <property name="java.specification.vendor" value="Oracle Corporation"/>
    <property name="java.vm.info" value="mixed mode, sharing"/>
    <property name="java.version" value="17.0.3"/>
    <property name="native.encoding" value="UTF-8"/>
    <property name="java.vendor" value="Private Build"/>
    <property name="sun.stderr.encoding" value="UTF-8"/>
    <property name="maven.home" value="/usr/share/maven"/>
    <property name="file.separator" value="/"/>
    <property name="java.version.date" value="2022-04-19"/>
    <property name="java.vendor.url.bug" value="Unknown"/>
    <property name="sun.io.unicode.encoding" value="UnicodeLittle"/>
    <property name="sun.cpu.endian" value="little"/>
    <property name="sun.stdout.encoding" value="UTF-8"/>
  </properties>
  <testcase name="testPar512_x_512" classname="edu.coursera.parallel.MatrixMultiplyTest" time="8.521">
    <failure message="It was expected that the parallel implementation would run at least 7.200000x faster, but it only achieved 3.178947x speedup" type="junit.framework.AssertionFailedError">junit.framework.AssertionFailedError: It was expected that the parallel implementation would run at least 7.200000x faster, but it only achieved 3.178947x speedup
	at junit.framework.Assert.fail(Assert.java:47)
	at junit.framework.Assert.assertTrue(Assert.java:20)
	at edu.coursera.parallel.MatrixMultiplyTest.testPar512_x_512(MatrixMultiplyTest.java:118)
</failure>
  </testcase>
  <testcase name="testPar768_x_768" classname="edu.coursera.parallel.MatrixMultiplyTest" time="44.234">
    <failure message="It was expected that the parallel implementation would run at least 7.200000x faster, but it only achieved 1.397971x speedup" type="junit.framework.AssertionFailedError">junit.framework.AssertionFailedError: It was expected that the parallel implementation would run at least 7.200000x faster, but it only achieved 1.397971x speedup
	at junit.framework.Assert.fail(Assert.java:47)
	at junit.framework.Assert.assertTrue(Assert.java:20)
	at edu.coursera.parallel.MatrixMultiplyTest.testPar768_x_768(MatrixMultiplyTest.java:130)
</failure>
  </testcase>
</testsuite>